<?xml version="1.0" encoding="UTF-8"?>
<robot generator="Robot 3.1.1 (Python 3.7.0 on win32)" generated="20190426 23:06:47.199" rpa="false">
<suite id="s1" name="FirstSeleniumTest" source="C:\Users\Darko\eclipse-workspace\RobotPRJ\FirstSeleniumTest.robot">
<kw name="Log" library="BuiltIn" type="setup">
<doc>Logs the given message with the given level.</doc>
<arguments>
<arg>I am insite test suite setup</arg>
</arguments>
<msg timestamp="20190426 23:06:47.562" level="INFO">I am insite test suite setup</msg>
<status status="PASS" starttime="20190426 23:06:47.562" endtime="20190426 23:06:47.562"></status>
</kw>
<test id="s1-t1" name="Test1">
<kw name="Log" library="BuiltIn" type="setup">
<doc>Logs the given message with the given level.</doc>
<arguments>
<arg>I am inside test setup</arg>
</arguments>
<msg timestamp="20190426 23:06:47.564" level="INFO">I am inside test setup</msg>
<status status="PASS" starttime="20190426 23:06:47.563" endtime="20190426 23:06:47.564"></status>
</kw>
<kw name="Log" library="BuiltIn">
<doc>Logs the given message with the given level.</doc>
<arguments>
<arg>Hello World</arg>
</arguments>
<msg timestamp="20190426 23:06:47.565" level="INFO">Hello World</msg>
<status status="PASS" starttime="20190426 23:06:47.564" endtime="20190426 23:06:47.565"></status>
</kw>
<kw name="Log" library="BuiltIn" type="teardown">
<doc>Logs the given message with the given level.</doc>
<arguments>
<arg>I am inside test teardown</arg>
</arguments>
<msg timestamp="20190426 23:06:47.566" level="INFO">I am inside test teardown</msg>
<status status="PASS" starttime="20190426 23:06:47.565" endtime="20190426 23:06:47.566"></status>
</kw>
<tags>
<tag>smoke</tag>
</tags>
<status status="PASS" starttime="20190426 23:06:47.563" endtime="20190426 23:06:47.566" critical="yes"></status>
</test>
<kw name="Log" library="BuiltIn" type="teardown">
<doc>Logs the given message with the given level.</doc>
<arguments>
<arg>I am inside test suite teardown</arg>
</arguments>
<msg timestamp="20190426 23:06:47.571" level="INFO">I am inside test suite teardown</msg>
<status status="PASS" starttime="20190426 23:06:47.571" endtime="20190426 23:06:47.571"></status>
</kw>
<status status="PASS" starttime="20190426 23:06:47.201" endtime="20190426 23:06:47.572"></status>
</suite>
<statistics>
<total>
<stat pass="1" fail="0">Critical Tests</stat>
<stat pass="1" fail="0">All Tests</stat>
</total>
<tag>
<stat pass="1" fail="0">smoke</stat>
</tag>
<suite>
<stat pass="1" fail="0" id="s1" name="FirstSeleniumTest">FirstSeleniumTest</stat>
</suite>
</statistics>
<errors>
</errors>
</robot>
